<?xml version="1.0" encoding="UTF-8"?>
<!-- Generated by org.testng.reporters.JUnitReportReporter -->
<testsuite skipped="0" hostname="AISHWARYA" name="com.project.testCases.SmokeTestCases" tests="6" failures="0" timestamp="06 Jun 2020 14:14:04 GMT" time="96.189" errors="0">
  <testcase name="openURL" time="54.565" classname="com.project.testCases.SmokeTestCases"/>
  <testcase name="loginSite" time="11.851" classname="com.project.testCases.SmokeTestCases"/>
  <testcase name="giftPageOperation" time="7.539" classname="com.project.testCases.SmokeTestCases"/>
  <testcase name="searchProduct" time="4.928" classname="com.project.testCases.SmokeTestCases"/>
  <testcase name="advanceSearch" time="15.038" classname="com.project.testCases.SmokeTestCases"/>
  <testcase name="logOutSite" time="2.268" classname="com.project.testCases.SmokeTestCases"/>
</testsuite> <!-- com.project.testCases.SmokeTestCases -->
